<?xml version="1.0" encoding="utf-8"?><testsuites name="pytest tests"><testsuite name="pytest" errors="0" failures="0" skipped="0" tests="23" time="5.925" timestamp="2026-03-12T18:07:21.703841+00:00" hostname="agent-env-556354b5-818f-4e36-9432-036e7a36ec12"><testcase classname="backend.tests.test_whale_liquidity_ladder.TestWhaleActivityEngine" name="test_whale_activity_exists_in_trade_signal" time="1.624" /><testcase classname="backend.tests.test_whale_liquidity_ladder.TestWhaleActivityEngine" name="test_whale_activity_has_required_fields" time="0.221" /><testcase classname="backend.tests.test_whale_liquidity_ladder.TestWhaleActivityEngine" name="test_whale_activity_direction_values" time="0.178" /><testcase classname="backend.tests.test_whale_liquidity_ladder.TestWhaleActivityEngine" name="test_whale_activity_strength_range" time="0.199" /><testcase classname="backend.tests.test_whale_liquidity_ladder.TestWhaleActivityEngine" name="test_whale_activity_pressure_scores" time="0.213" /><testcase classname="backend.tests.test_whale_liquidity_ladder.TestWhaleActivityEngine" name="test_whale_activity_explanation_populated" time="0.267" /><testcase classname="backend.tests.test_whale_liquidity_ladder.TestLiquidityLadder" name="test_liquidity_ladder_exists_in_trade_signal" time="0.216" /><testcase classname="backend.tests.test_whale_liquidity_ladder.TestLiquidityLadder" name="test_liquidity_ladder_has_required_fields" time="0.188" /><testcase classname="backend.tests.test_whale_liquidity_ladder.TestLiquidityLadder" name="test_liquidity_ladder_attractive_side_values" time="0.170" /><testcase classname="backend.tests.test_whale_liquidity_ladder.TestLiquidityLadder" name="test_liquidity_ladder_sweep_expectation_values" time="0.187" /><testcase classname="backend.tests.test_whale_liquidity_ladder.TestLiquidityLadder" name="test_liquidity_ladder_nearest_levels_structure" time="0.186" /><testcase classname="backend.tests.test_whale_liquidity_ladder.TestLiquidityLadder" name="test_liquidity_ladder_path_analysis_populated" time="0.181" /><testcase classname="backend.tests.test_whale_liquidity_ladder.TestTradeSignalFactorsIntegration" name="test_whale_engine_factor_in_factors" time="0.229" /><testcase classname="backend.tests.test_whale_liquidity_ladder.TestTradeSignalFactorsIntegration" name="test_liquidity_ladder_factor_in_factors" time="0.257" /><testcase classname="backend.tests.test_whale_liquidity_ladder.TestTradeSignalFactorsIntegration" name="test_whale_confirms_direction_field" time="0.204" /><testcase classname="backend.tests.test_whale_liquidity_ladder.TestTradeSignalFactorsIntegration" name="test_sweep_first_expected_field" time="0.198" /><testcase classname="backend.tests.test_whale_liquidity_ladder.TestTradeSignalCompleteness" name="test_all_new_v17_fields_present" time="0.181" /><testcase classname="backend.tests.test_whale_liquidity_ladder.TestTradeSignalCompleteness" name="test_trade_signal_scoring_range" time="0.192" /><testcase classname="backend.tests.test_whale_liquidity_ladder.TestTradeSignalCompleteness" name="test_reasoning_includes_whale_or_ladder_context" time="0.224" /><testcase classname="backend.tests.test_whale_liquidity_ladder.TestRegressionAPIs" name="test_market_bias_api" time="0.112" /><testcase classname="backend.tests.test_whale_liquidity_ladder.TestRegressionAPIs" name="test_liquidity_api" time="0.122" /><testcase classname="backend.tests.test_whale_liquidity_ladder.TestRegressionAPIs" name="test_support_resistance_api" time="0.141" /><testcase classname="backend.tests.test_whale_liquidity_ladder.TestRegressionAPIs" name="test_market_status_api" time="0.119" /></testsuite></testsuites>