<?xml version="1.0" encoding="utf-8"?><testsuites name="pytest tests"><testsuite name="pytest" errors="0" failures="0" skipped="0" tests="18" time="3.030" timestamp="2026-03-12T17:26:16.051210+00:00" hostname="agent-env-556354b5-818f-4e36-9432-036e7a36ec12"><testcase classname="backend.tests.test_enhanced_trade_signal.TestEnhancedTradeSignalFields" name="test_trade_signal_has_setup_type_field" time="0.754" /><testcase classname="backend.tests.test_enhanced_trade_signal.TestEnhancedTradeSignalFields" name="test_trade_signal_has_liquidity_sweep_zone_field" time="0.144" /><testcase classname="backend.tests.test_enhanced_trade_signal.TestEnhancedTradeSignalFields" name="test_trade_signal_has_safe_invalidation_field" time="0.111" /><testcase classname="backend.tests.test_enhanced_trade_signal.TestEnhancedTradeSignalFields" name="test_trade_signal_has_sweep_detected_field" time="0.145" /><testcase classname="backend.tests.test_enhanced_trade_signal.TestEnhancedTradeSignalFields" name="test_trade_signal_has_sweep_analysis_field" time="0.132" /><testcase classname="backend.tests.test_enhanced_trade_signal.TestMinimumMoveFilter" name="test_trade_signal_estimated_move_present" time="0.171" /><testcase classname="backend.tests.test_enhanced_trade_signal.TestMinimumMoveFilter" name="test_no_trade_if_move_below_minimum_is_handled" time="0.121" /><testcase classname="backend.tests.test_enhanced_trade_signal.TestSmartStopLoss" name="test_stop_loss_beyond_sweep_zone_for_trades" time="0.119" /><testcase classname="backend.tests.test_enhanced_trade_signal.TestSmartStopLoss" name="test_invalidation_reason_mentions_sweep_for_trades" time="0.147" /><testcase classname="backend.tests.test_enhanced_trade_signal.TestLiquiditySwReversal" name="test_sweep_reversal_setup_type_format" time="0.134" /><testcase classname="backend.tests.test_enhanced_trade_signal.TestReasoningContent" name="test_reasoning_includes_liquidity_section_for_trades" time="0.114" /><testcase classname="backend.tests.test_enhanced_trade_signal.TestWarnings" name="test_warnings_list_present" time="0.120" /><testcase classname="backend.tests.test_enhanced_trade_signal.TestWarnings" name="test_rr_warning_when_below_threshold" time="0.116" /><testcase classname="backend.tests.test_enhanced_trade_signal.TestRegressionEndpoints" name="test_market_bias_still_works" time="0.114" /><testcase classname="backend.tests.test_enhanced_trade_signal.TestRegressionEndpoints" name="test_liquidity_still_works" time="0.158" /><testcase classname="backend.tests.test_enhanced_trade_signal.TestRegressionEndpoints" name="test_support_resistance_still_works" time="0.136" /><testcase classname="backend.tests.test_enhanced_trade_signal.TestAllNewFieldsTogether" name="test_all_enhanced_fields_present" time="0.116" /><testcase classname="backend.tests.test_enhanced_trade_signal.TestAllNewFieldsTogether" name="test_field_consistency_for_long_short" time="0.116" /></testsuite></testsuites>