<?xml version="1.0" encoding="utf-8"?><testsuites name="pytest tests"><testsuite name="pytest" errors="0" failures="0" skipped="0" tests="13" time="2.019" timestamp="2026-04-19T18:37:36.700582+00:00" hostname="agent-env-556354b5-818f-4e36-9432-036e7a36ec12"><testcase classname="backend.tests.test_sentinel_glued_chart.TestSentinelPatternsChartAPI" name="test_patterns_chart_endpoint_returns_200" time="0.266" /><testcase classname="backend.tests.test_sentinel_glued_chart.TestSentinelPatternsChartAPI" name="test_patterns_have_draw_data" time="0.193" /><testcase classname="backend.tests.test_sentinel_glued_chart.TestSentinelPatternsChartAPI" name="test_draw_data_has_shape" time="0.141" /><testcase classname="backend.tests.test_sentinel_glued_chart.TestSentinelPatternsChartAPI" name="test_double_top_bottom_has_start_end_coordinates" time="0.203" /><testcase classname="backend.tests.test_sentinel_glued_chart.TestSentinelPatternsChartAPI" name="test_trendline_has_start_end_coordinates" time="0.113" /><testcase classname="backend.tests.test_sentinel_glued_chart.TestSentinelPatternsChartAPI" name="test_support_resistance_has_price" time="0.098" /><testcase classname="backend.tests.test_sentinel_glued_chart.TestSentinelChartOverlayAPI" name="test_chart_overlay_returns_200" time="0.166" /><testcase classname="backend.tests.test_sentinel_glued_chart.TestSentinelChartOverlayAPI" name="test_chart_overlay_has_required_fields" time="0.141" /><testcase classname="backend.tests.test_sentinel_glued_chart.TestSentinelGhostProjectionsAPI" name="test_ghost_projections_returns_200" time="0.147" /><testcase classname="backend.tests.test_sentinel_glued_chart.TestSentinelGhostProjectionsAPI" name="test_ghost_projections_structure" time="0.109" /><testcase classname="backend.tests.test_sentinel_glued_chart.TestSentinelItalianLocalization" name="test_patterns_have_italian_psychology" time="0.106" /><testcase classname="backend.tests.test_sentinel_glued_chart.TestSentinelStatusAPI" name="test_status_returns_200" time="0.123" /><testcase classname="backend.tests.test_sentinel_glued_chart.TestSentinelStatusAPI" name="test_status_scanner_running" time="0.109" /></testsuite></testsuites>