<?xml version="1.0" encoding="utf-8"?><testsuites name="pytest tests"><testsuite name="pytest" errors="0" failures="0" skipped="1" tests="43" time="6.351" timestamp="2026-03-18T05:52:34.534636+00:00" hostname="agent-env-556354b5-818f-4e36-9432-036e7a36ec12"><testcase classname="backend.tests.test_v3_signal_engine.TestV3TradeSignalEndpoint" name="test_v3_trade_signal_returns_200" time="1.057" /><testcase classname="backend.tests.test_v3_signal_engine.TestV3TradeSignalEndpoint" name="test_v3_trade_signal_has_engine_version" time="0.136" /><testcase classname="backend.tests.test_v3_signal_engine.TestV3TradeSignalEndpoint" name="test_v3_trade_signal_has_market_regime" time="0.115" /><testcase classname="backend.tests.test_v3_signal_engine.TestV3TradeSignalEndpoint" name="test_v3_trade_signal_has_market_bias" time="0.117" /><testcase classname="backend.tests.test_v3_signal_engine.TestV3TradeSignalEndpoint" name="test_v3_trade_signal_has_bias_confidence" time="0.109" /><testcase classname="backend.tests.test_v3_signal_engine.TestV3TradeSignalEndpoint" name="test_v3_trade_signal_has_active_setup_info" time="0.125" /><testcase classname="backend.tests.test_v3_signal_engine.TestV3TradeSignalEndpoint" name="test_v3_trade_signal_has_recommended_action" time="0.114" /><testcase classname="backend.tests.test_v3_signal_engine.TestV3TradeSignalEndpoint" name="test_v3_trade_signal_has_setup_counts" time="0.116" /><testcase classname="backend.tests.test_v3_signal_engine.TestV3TradeSignalEndpoint" name="test_v3_trade_signal_has_5m_data_info" time="0.113" /><testcase classname="backend.tests.test_v3_signal_engine.TestV3TradeSignalEndpoint" name="test_v3_trade_signal_has_context_summary" time="0.121" /><testcase classname="backend.tests.test_v3_signal_engine.TestV3TradeSignalEndpoint" name="test_v3_trade_signal_has_current_price" time="0.122" /><testcase classname="backend.tests.test_v3_signal_engine.TestV3TradeSignalEndpoint" name="test_v3_trade_signal_has_data_freshness" time="0.111" /><testcase classname="backend.tests.test_v3_signal_engine.TestV3TradeSignalEndpoint" name="test_v3_trade_signal_has_market_regime_details" time="0.113" /><testcase classname="backend.tests.test_v3_signal_engine.TestV3TradeSignalEndpoint" name="test_v3_trade_signal_has_whale_context" time="0.117" /><testcase classname="backend.tests.test_v3_signal_engine.TestV3TradeSignalEndpoint" name="test_v3_trade_signal_has_liquidity_context" time="0.118" /><testcase classname="backend.tests.test_v3_signal_engine.TestV3TradeSignalEndpoint" name="test_v3_trade_signal_has_energy_context" time="0.112" /><testcase classname="backend.tests.test_v3_signal_engine.TestV3TradeSignalWithLanguage" name="test_v3_trade_signal_italian" time="0.126" /><testcase classname="backend.tests.test_v3_signal_engine.TestV3TradeSignalWithLanguage" name="test_v3_trade_signal_english" time="0.118" /><testcase classname="backend.tests.test_v3_signal_engine.TestV3TradeSignalWithLanguage" name="test_v3_trade_signal_german" time="0.113" /><testcase classname="backend.tests.test_v3_signal_engine.TestV3TradeSignalWithLanguage" name="test_v3_trade_signal_polish" time="0.110" /><testcase classname="backend.tests.test_v3_signal_engine.TestV3TradeSignalWithLanguage" name="test_v3_trade_signal_invalid_lang_defaults_to_italian" time="0.128" /><testcase classname="backend.tests.test_v3_signal_engine.TestV3ActiveSetups" name="test_v3_active_setups_returns_200" time="0.149" /><testcase classname="backend.tests.test_v3_signal_engine.TestV3ActiveSetups" name="test_v3_active_setups_has_count" time="0.098" /><testcase classname="backend.tests.test_v3_signal_engine.TestV3ActiveSetups" name="test_v3_active_setups_has_setups_list" time="0.107" /><testcase classname="backend.tests.test_v3_signal_engine.TestV3ActiveSetups" name="test_v3_active_setups_has_phases_breakdown" time="0.166" /><testcase classname="backend.tests.test_v3_signal_engine.TestV3ActiveSetups" name="test_v3_active_setups_count_matches_list" time="0.108" /><testcase classname="backend.tests.test_v3_signal_engine.TestV3SetupStructure" name="test_v3_setup_has_required_fields" time="0.107" /><testcase classname="backend.tests.test_v3_signal_engine.TestV3SetupStructure" name="test_v3_setup_phase_valid" time="0.102" /><testcase classname="backend.tests.test_v3_signal_engine.TestV3SetupStructure" name="test_v3_setup_direction_valid" time="0.097" /><testcase classname="backend.tests.test_v3_signal_engine.TestV3SetupStructure" name="test_v3_setup_stop_loss_structure_based" time="0.103" /><testcase classname="backend.tests.test_v3_signal_engine.TestV3SetupStructure" name="test_v3_setup_has_targets" time="0.099" /><testcase classname="backend.tests.test_v3_signal_engine.TestV3SetupStructure" name="test_v3_setup_targets_direction_logic" time="0.113"><skipped type="pytest.xfail" message="Known target calculation issues: BUG: SHORT target_1 (74543.0) should be BELOW entry (74022.6)" /></testcase><testcase classname="backend.tests.test_v3_signal_engine.TestV3SetupStructure" name="test_v3_setup_has_risk_reward" time="0.113" /><testcase classname="backend.tests.test_v3_signal_engine.TestV3SetupStructure" name="test_v3_setup_has_quality_score" time="0.115" /><testcase classname="backend.tests.test_v3_signal_engine.TestV3ClearSetups" name="test_v3_clear_setups" time="0.232" /><testcase classname="backend.tests.test_v3_signal_engine.TestV3SignalConsistency" name="test_v3_signal_and_active_setups_consistency" time="0.234" /><testcase classname="backend.tests.test_v3_signal_engine.TestV3EventTypes" name="test_v3_supports_resistance_breakout" time="0.107" /><testcase classname="backend.tests.test_v3_signal_engine.TestV3EventTypes" name="test_v3_supports_support_breakout" time="0.118" /><testcase classname="backend.tests.test_v3_signal_engine.TestV3EventTypes" name="test_v3_supports_liquidity_sweep" time="0.112" /><testcase classname="backend.tests.test_v3_signal_engine.TestV3EventTypes" name="test_v3_supports_trend_continuation" time="0.108" /><testcase classname="backend.tests.test_v3_signal_engine.TestV3Performance" name="test_v3_trade_signal_response_time" time="0.120" /><testcase classname="backend.tests.test_v3_signal_engine.TestV3Performance" name="test_v3_active_setups_response_time" time="0.102" /><testcase classname="backend.tests.test_v3_signal_engine.TestV3Performance" name="test_v3_data_freshness_fields" time="0.121" /></testsuite></testsuites>