<?xml version="1.0" encoding="utf-8"?><testsuites name="pytest tests"><testsuite name="pytest" errors="0" failures="0" skipped="0" tests="15" time="2.823" timestamp="2026-03-12T16:33:58.285533+00:00" hostname="agent-env-556354b5-818f-4e36-9432-036e7a36ec12"><testcase classname="backend.tests.test_multi_exchange.TestExchangeComparison" name="test_exchange_comparison_returns_all_exchanges" time="0.770" /><testcase classname="backend.tests.test_multi_exchange.TestExchangeComparison" name="test_exchange_comparison_has_required_fields" time="0.124" /><testcase classname="backend.tests.test_multi_exchange.TestSupportResistance" name="test_support_resistance_aggregated_data_source" time="0.296" /><testcase classname="backend.tests.test_multi_exchange.TestSupportResistance" name="test_support_resistance_levels_have_explanation" time="0.152" /><testcase classname="backend.tests.test_multi_exchange.TestLiquidity" name="test_liquidity_has_aggregated_data_source" time="0.175" /><testcase classname="backend.tests.test_multi_exchange.TestLiquidity" name="test_liquidity_has_exchange_stats" time="0.124" /><testcase classname="backend.tests.test_multi_exchange.TestLiquidity" name="test_liquidity_clusters_have_explanation" time="0.179" /><testcase classname="backend.tests.test_multi_exchange.TestWhaleAlerts" name="test_whale_alerts_endpoint_works" time="0.109" /><testcase classname="backend.tests.test_multi_exchange.TestWhaleAlerts" name="test_whale_alerts_enhanced_fields" time="0.112" /><testcase classname="backend.tests.test_multi_exchange.TestPatterns" name="test_patterns_endpoint_works" time="0.121" /><testcase classname="backend.tests.test_multi_exchange.TestPatterns" name="test_patterns_enhanced_fields" time="0.124" /><testcase classname="backend.tests.test_multi_exchange.TestMarketBias" name="test_market_bias_has_exchange_consensus" time="0.115" /><testcase classname="backend.tests.test_multi_exchange.TestOrderBook" name="test_orderbook_has_aggregated_data" time="0.109" /><testcase classname="backend.tests.test_multi_exchange.TestHealthAndBasicEndpoints" name="test_health_check" time="0.118" /><testcase classname="backend.tests.test_multi_exchange.TestHealthAndBasicEndpoints" name="test_market_status" time="0.114" /></testsuite></testsuites>