<?xml version="1.0" encoding="utf-8"?><testsuites name="pytest tests"><testsuite name="pytest" errors="0" failures="0" skipped="0" tests="19" time="5.430" timestamp="2026-03-14T17:32:50.473615+00:00" hostname="agent-env-556354b5-818f-4e36-9432-036e7a36ec12"><testcase classname="backend.tests.test_liquidity_magnet.TestLiquidityMagnetEndpoint" name="test_liquidity_magnet_returns_200" time="1.674" /><testcase classname="backend.tests.test_liquidity_magnet.TestLiquidityMagnetEndpoint" name="test_liquidity_magnet_has_all_required_fields" time="0.126" /><testcase classname="backend.tests.test_liquidity_magnet.TestLiquidityMagnetEndpoint" name="test_magnet_score_is_valid_range" time="0.110" /><testcase classname="backend.tests.test_liquidity_magnet.TestLiquidityMagnetEndpoint" name="test_target_direction_valid_values" time="0.112" /><testcase classname="backend.tests.test_liquidity_magnet.TestLiquidityMagnetEndpoint" name="test_magnet_strength_valid_values" time="0.118" /><testcase classname="backend.tests.test_liquidity_magnet.TestLiquidityMagnetEndpoint" name="test_sweep_expectation_valid_values" time="0.122" /><testcase classname="backend.tests.test_liquidity_magnet.TestLiquidityMagnetEndpoint" name="test_nearest_magnet_price_is_positive" time="0.169" /><testcase classname="backend.tests.test_liquidity_magnet.TestLiquidityMagnetEndpoint" name="test_liquidity_totals_are_non_negative" time="0.100" /><testcase classname="backend.tests.test_liquidity_magnet.TestLiquidityMagnetEndpoint" name="test_attraction_ratio_is_positive" time="0.125" /><testcase classname="backend.tests.test_liquidity_magnet.TestLiquidityMagnetTranslations" name="test_italian_translation" time="0.115" /><testcase classname="backend.tests.test_liquidity_magnet.TestLiquidityMagnetTranslations" name="test_english_translation" time="0.110" /><testcase classname="backend.tests.test_liquidity_magnet.TestLiquidityMagnetTranslations" name="test_german_translation" time="0.101" /><testcase classname="backend.tests.test_liquidity_magnet.TestLiquidityMagnetTranslations" name="test_polish_translation" time="0.109" /><testcase classname="backend.tests.test_liquidity_magnet.TestLiquidityMagnetTranslations" name="test_invalid_lang_defaults_to_italian" time="0.125" /><testcase classname="backend.tests.test_liquidity_magnet.TestTradeSignalLiquidityMagnetIntegration" name="test_trade_signal_includes_liquidity_magnet" time="1.360" /><testcase classname="backend.tests.test_liquidity_magnet.TestTradeSignalLiquidityMagnetIntegration" name="test_trade_signal_liquidity_magnet_has_required_fields" time="0.216" /><testcase classname="backend.tests.test_liquidity_magnet.TestTradeSignalLiquidityMagnetIntegration" name="test_trade_signal_liquidity_magnet_matches_direct_endpoint" time="0.300" /><testcase classname="backend.tests.test_liquidity_magnet.TestMarketEnergyStillWorking" name="test_market_energy_returns_200" time="0.123" /><testcase classname="backend.tests.test_liquidity_magnet.TestMarketEnergyStillWorking" name="test_market_energy_has_energy_score" time="0.107" /></testsuite></testsuites>