<?xml version="1.0" encoding="utf-8"?><testsuites name="pytest tests"><testsuite name="pytest" errors="0" failures="0" skipped="0" tests="27" time="4.993" timestamp="2026-04-18T10:12:43.376272+00:00" hostname="agent-env-556354b5-818f-4e36-9432-036e7a36ec12"><testcase classname="backend.tests.test_sentinel_engine.TestSentinelStatus" name="test_sentinel_status_returns_200" time="0.243" /><testcase classname="backend.tests.test_sentinel_engine.TestSentinelStatus" name="test_sentinel_status_has_required_fields" time="0.110" /><testcase classname="backend.tests.test_sentinel_engine.TestSentinelStatus" name="test_sentinel_scanner_is_running" time="0.101" /><testcase classname="backend.tests.test_sentinel_engine.TestSentinelStatus" name="test_sentinel_monitors_all_timeframes" time="0.100" /><testcase classname="backend.tests.test_sentinel_engine.TestSentinelPatterns" name="test_patterns_endpoint_returns_200" time="0.166" /><testcase classname="backend.tests.test_sentinel_engine.TestSentinelPatterns" name="test_patterns_response_structure" time="0.295" /><testcase classname="backend.tests.test_sentinel_engine.TestSentinelPatterns" name="test_patterns_have_psychology_in_italian" time="0.220" /><testcase classname="backend.tests.test_sentinel_engine.TestSentinelPatterns" name="test_patterns_have_timeframe_and_bias" time="0.256" /><testcase classname="backend.tests.test_sentinel_engine.TestSentinelPatterns" name="test_patterns_sorted_by_weight" time="0.314" /><testcase classname="backend.tests.test_sentinel_engine.TestSentinelConfluences" name="test_confluences_endpoint_returns_200" time="0.178" /><testcase classname="backend.tests.test_sentinel_engine.TestSentinelConfluences" name="test_confluences_response_structure" time="0.193" /><testcase classname="backend.tests.test_sentinel_engine.TestSentinelConfluences" name="test_confluences_have_multi_timeframe_data" time="0.140" /><testcase classname="backend.tests.test_sentinel_engine.TestSentinelConfluences" name="test_confluences_have_psychology" time="0.214" /><testcase classname="backend.tests.test_sentinel_engine.TestSentinelConfluences" name="test_high_probability_setups_detected" time="0.166" /><testcase classname="backend.tests.test_sentinel_engine.TestSentinelChartOverlay" name="test_chart_overlay_returns_200" time="0.113" /><testcase classname="backend.tests.test_sentinel_engine.TestSentinelChartOverlay" name="test_chart_overlay_structure" time="0.130" /><testcase classname="backend.tests.test_sentinel_engine.TestSentinelChartOverlay" name="test_chart_data_categories" time="0.112" /><testcase classname="backend.tests.test_sentinel_engine.TestSentinelChartOverlay" name="test_legend_has_all_timeframes" time="0.136" /><testcase classname="backend.tests.test_sentinel_engine.TestSentinelPatternPsychology" name="test_psychology_for_double_top" time="0.097" /><testcase classname="backend.tests.test_sentinel_engine.TestSentinelPatternPsychology" name="test_psychology_for_double_bottom" time="0.104" /><testcase classname="backend.tests.test_sentinel_engine.TestSentinelPatternPsychology" name="test_psychology_for_head_and_shoulders" time="0.103" /><testcase classname="backend.tests.test_sentinel_engine.TestSentinelPatternPsychology" name="test_psychology_invalid_pattern_returns_404" time="0.111" /><testcase classname="backend.tests.test_sentinel_engine.TestSentinelPatternPsychology" name="test_psychology_english_language" time="0.099" /><testcase classname="backend.tests.test_sentinel_engine.TestSentinelIntegration" name="test_scanner_detects_patterns_across_timeframes" time="0.297" /><testcase classname="backend.tests.test_sentinel_engine.TestSentinelIntegration" name="test_confluence_detection_working" time="0.139" /><testcase classname="backend.tests.test_sentinel_engine.TestSentinelIntegration" name="test_current_price_consistent_across_endpoints" time="0.498" /><testcase classname="backend.tests.test_sentinel_engine.TestSentinelIntegration" name="test_pattern_types_are_valid" time="0.217" /></testsuite></testsuites>