<?xml version="1.0" encoding="utf-8"?><testsuites name="pytest tests"><testsuite name="pytest" errors="0" failures="0" skipped="0" tests="19" time="3.108" timestamp="2026-04-19T19:52:15.560553+00:00" hostname="agent-env-556354b5-818f-4e36-9432-036e7a36ec12"><testcase classname="backend.tests.test_v4_fortress.TestFortressRulesEndpoint" name="test_fortress_rules_returns_200" time="0.261" /><testcase classname="backend.tests.test_v4_fortress.TestFortressRulesEndpoint" name="test_fortress_rules_structure" time="0.124" /><testcase classname="backend.tests.test_v4_fortress.TestFortressRulesEndpoint" name="test_fortress_rules_italian_text" time="0.129" /><testcase classname="backend.tests.test_v4_fortress.TestFortressRulesEndpoint" name="test_fortress_rules_requires_admin" time="0.113" /><testcase classname="backend.tests.test_v4_fortress.TestV4SignalsEndpoint" name="test_v4_signals_returns_200" time="0.133" /><testcase classname="backend.tests.test_v4_fortress.TestV4SignalsEndpoint" name="test_v4_signals_structure" time="0.139" /><testcase classname="backend.tests.test_v4_fortress.TestV4SignalsEndpoint" name="test_v4_signals_hunter_type" time="0.101" /><testcase classname="backend.tests.test_v4_fortress.TestStopLossValidation" name="test_validate_stop_widening_blocked_long" time="0.226" /><testcase classname="backend.tests.test_v4_fortress.TestStopLossValidation" name="test_validate_stop_trailing_allowed_long" time="0.260" /><testcase classname="backend.tests.test_v4_fortress.TestStopLossValidation" name="test_validate_stop_requires_admin" time="0.107" /><testcase classname="backend.tests.test_v4_fortress.TestTrailingStopApplication" name="test_apply_trailing_stop_valid" time="0.235" /><testcase classname="backend.tests.test_v4_fortress.TestTrailingStopApplication" name="test_apply_trailing_stop_blocked_widening" time="0.215" /><testcase classname="backend.tests.test_v4_fortress.TestSpecificSignalFortress" name="test_specific_signal_widening_blocked" time="0.102" /><testcase classname="backend.tests.test_v4_fortress.TestSpecificSignalFortress" name="test_specific_signal_trailing_allowed" time="0.249" /><testcase classname="backend.tests.test_v4_fortress.TestV4AnalyticsEndpoints" name="test_analytics_metrics_endpoint" time="0.113" /><testcase classname="backend.tests.test_v4_fortress.TestV4AnalyticsEndpoints" name="test_equity_curve_endpoint" time="0.105" /><testcase classname="backend.tests.test_v4_fortress.TestV4AnalyticsEndpoints" name="test_mentor_summary_endpoint" time="0.142" /><testcase classname="backend.tests.test_v4_fortress.TestV4StrategyLabEndpoints" name="test_historical_data_endpoint" time="0.120" /><testcase classname="backend.tests.test_v4_fortress.TestV4StrategyLabEndpoints" name="test_simulate_endpoint" time="0.118" /></testsuite></testsuites>