<?xml version="1.0" encoding="utf-8"?><testsuites name="pytest tests"><testsuite name="pytest" errors="0" failures="0" skipped="0" tests="22" time="6.080" timestamp="2026-03-14T14:01:07.109221+00:00" hostname="agent-env-556354b5-818f-4e36-9432-036e7a36ec12"><testcase classname="backend.tests.test_multilingual_api.TestTradeSignalLocalization" name="test_trade_signal_italian" time="1.986" /><testcase classname="backend.tests.test_multilingual_api.TestTradeSignalLocalization" name="test_trade_signal_english" time="0.237" /><testcase classname="backend.tests.test_multilingual_api.TestTradeSignalLocalization" name="test_trade_signal_german" time="0.218" /><testcase classname="backend.tests.test_multilingual_api.TestTradeSignalLocalization" name="test_trade_signal_polish" time="0.221" /><testcase classname="backend.tests.test_multilingual_api.TestOpenInterestLocalization" name="test_open_interest_italian" time="0.163" /><testcase classname="backend.tests.test_multilingual_api.TestOpenInterestLocalization" name="test_open_interest_english" time="0.182" /><testcase classname="backend.tests.test_multilingual_api.TestOpenInterestLocalization" name="test_open_interest_german" time="0.169" /><testcase classname="backend.tests.test_multilingual_api.TestOpenInterestLocalization" name="test_open_interest_polish" time="0.155" /><testcase classname="backend.tests.test_multilingual_api.TestFundingRateLocalization" name="test_funding_rate_italian" time="0.147" /><testcase classname="backend.tests.test_multilingual_api.TestFundingRateLocalization" name="test_funding_rate_english" time="0.140" /><testcase classname="backend.tests.test_multilingual_api.TestFundingRateLocalization" name="test_funding_rate_german" time="0.133" /><testcase classname="backend.tests.test_multilingual_api.TestFundingRateLocalization" name="test_funding_rate_polish" time="0.133" /><testcase classname="backend.tests.test_multilingual_api.TestMarketBiasLocalization" name="test_market_bias_italian" time="0.162" /><testcase classname="backend.tests.test_multilingual_api.TestMarketBiasLocalization" name="test_market_bias_english" time="0.122" /><testcase classname="backend.tests.test_multilingual_api.TestMarketBiasLocalization" name="test_market_bias_german" time="0.127" /><testcase classname="backend.tests.test_multilingual_api.TestMarketBiasLocalization" name="test_market_bias_polish" time="0.129" /><testcase classname="backend.tests.test_multilingual_api.TestDefaultLanguageFallback" name="test_trade_signal_default_italian" time="0.237" /><testcase classname="backend.tests.test_multilingual_api.TestDefaultLanguageFallback" name="test_invalid_language_fallback" time="0.497" /><testcase classname="backend.tests.test_multilingual_api.TestRegressionEndpoints" name="test_health_endpoint" time="0.171" /><testcase classname="backend.tests.test_multilingual_api.TestRegressionEndpoints" name="test_market_status_endpoint" time="0.138" /><testcase classname="backend.tests.test_multilingual_api.TestRegressionEndpoints" name="test_liquidity_endpoint" time="0.396" /><testcase classname="backend.tests.test_multilingual_api.TestRegressionEndpoints" name="test_support_resistance_endpoint" time="0.143" /></testsuite></testsuites>