<?xml version="1.0" encoding="utf-8"?><testsuites name="pytest tests"><testsuite name="pytest" errors="0" failures="0" skipped="0" tests="24" time="6.041" timestamp="2026-03-12T17:06:28.030991+00:00" hostname="agent-env-556354b5-818f-4e36-9432-036e7a36ec12"><testcase classname="backend.tests.test_trade_signal.TestTradeSignal" name="test_trade_signal_returns_valid_response" time="1.857" /><testcase classname="backend.tests.test_trade_signal.TestTradeSignal" name="test_trade_signal_direction_is_valid" time="0.199" /><testcase classname="backend.tests.test_trade_signal.TestTradeSignal" name="test_trade_signal_confidence_range" time="0.259" /><testcase classname="backend.tests.test_trade_signal.TestTradeSignal" name="test_trade_signal_factors_structure" time="0.209" /><testcase classname="backend.tests.test_trade_signal.TestTradeSignal" name="test_trade_signal_market_bias_factor" time="0.130" /><testcase classname="backend.tests.test_trade_signal.TestTradeSignal" name="test_trade_signal_liquidity_factor" time="0.207" /><testcase classname="backend.tests.test_trade_signal.TestTradeSignal" name="test_trade_signal_exchange_consensus_factor" time="0.161" /><testcase classname="backend.tests.test_trade_signal.TestTradeSignal" name="test_trade_signal_funding_rate_factor" time="0.171" /><testcase classname="backend.tests.test_trade_signal.TestTradeSignal" name="test_trade_signal_open_interest_factor" time="0.155" /><testcase classname="backend.tests.test_trade_signal.TestTradeSignal" name="test_trade_signal_patterns_factor" time="0.127" /><testcase classname="backend.tests.test_trade_signal.TestTradeSignal" name="test_trade_signal_whale_alerts_factor" time="0.139" /><testcase classname="backend.tests.test_trade_signal.TestTradeSignal" name="test_trade_signal_entry_stop_targets_valid" time="0.154" /><testcase classname="backend.tests.test_trade_signal.TestTradeSignal" name="test_trade_signal_risk_reward_ratio" time="0.133" /><testcase classname="backend.tests.test_trade_signal.TestTradeSignal" name="test_trade_signal_reasoning_not_empty" time="0.127" /><testcase classname="backend.tests.test_trade_signal.TestTradeSignal" name="test_trade_signal_warnings_is_list" time="0.138" /><testcase classname="backend.tests.test_trade_signal.TestTradeSignal" name="test_trade_signal_timestamp_and_validity" time="0.127" /><testcase classname="backend.tests.test_trade_signal.TestMarketBiasRegression" name="test_market_bias_endpoint_works" time="0.140" /><testcase classname="backend.tests.test_trade_signal.TestMarketBiasRegression" name="test_market_bias_exchange_consensus" time="0.110" /><testcase classname="backend.tests.test_trade_signal.TestMarketBiasRegression" name="test_market_bias_inputs_structure" time="0.631" /><testcase classname="backend.tests.test_trade_signal.TestLiquidityRegression" name="test_liquidity_endpoint_works" time="0.167" /><testcase classname="backend.tests.test_trade_signal.TestLiquidityRegression" name="test_liquidity_clusters_structure" time="0.176" /><testcase classname="backend.tests.test_trade_signal.TestLiquidityRegression" name="test_liquidity_exchange_stats" time="0.146" /><testcase classname="backend.tests.test_trade_signal.TestLiquidityRegression" name="test_liquidity_direction_structure" time="0.122" /><testcase classname="backend.tests.test_trade_signal.TestHealthCheck" name="test_health_endpoint" time="0.113" /></testsuite></testsuites>